Flow report for ModExp
Mon Aug 12 15:19:09 2013
Quartus II 64-Bit Version 12.1 Build 243 01/31/2013 Service Pack 1 SJ Web Edition


---------------------
; Table of Contents ;
---------------------
  1. Legal Notice
  2. Flow Summary
  3. Flow Settings
  4. Flow Non-Default Global Settings
  5. Flow Elapsed Time
  6. Flow OS Summary
  7. Flow Log



----------------
; Legal Notice ;
----------------
Copyright (C) 1991-2012 Altera Corporation
Your use of Altera Corporation's design tools, logic functions 
and other software and tools, and its AMPP partner logic 
functions, and any output files from any of the foregoing 
(including device programming or simulation files), and any 
associated documentation or information are expressly subject 
to the terms and conditions of the Altera Program License 
Subscription Agreement, Altera MegaCore Function License 
Agreement, or other applicable license agreement, including, 
without limitation, that your use is for the sole purpose of 
programming logic devices manufactured by Altera and sold by 
Altera or its authorized distributors.  Please refer to the 
applicable agreement for further details.



+------------------------------------------------------------------------------------+
; Flow Summary                                                                       ;
+------------------------------------+-----------------------------------------------+
; Flow Status                        ; Successful - Mon Aug 12 15:19:09 2013         ;
; Quartus II 64-Bit Version          ; 12.1 Build 243 01/31/2013 SP 1 SJ Web Edition ;
; Revision Name                      ; ModExp                                        ;
; Top-level Entity Name              ; ModExp                                        ;
; Family                             ; Cyclone II                                    ;
; Device                             ; EP2C50F484C6                                  ;
; Timing Models                      ; Final                                         ;
; Total logic elements               ; 44,726 / 50,528 ( 89 % )                      ;
;     Total combinational functions  ; 42,116 / 50,528 ( 83 % )                      ;
;     Dedicated logic registers      ; 22,506 / 50,528 ( 45 % )                      ;
; Total registers                    ; 22506                                         ;
; Total pins                         ; 126 / 294 ( 43 % )                            ;
; Total virtual pins                 ; 0                                             ;
; Total memory bits                  ; 8,192 / 594,432 ( 1 % )                       ;
; Embedded Multiplier 9-bit elements ; 32 / 172 ( 19 % )                             ;
; Total PLLs                         ; 0 / 4 ( 0 % )                                 ;
+------------------------------------+-----------------------------------------------+


+-----------------------------------------+
; Flow Settings                           ;
+-------------------+---------------------+
; Option            ; Setting             ;
+-------------------+---------------------+
; Start date & time ; 08/12/2013 14:58:33 ;
; Main task         ; Compilation         ;
; Revision Name     ; ModExp              ;
+-------------------+---------------------+


+------------------------------------------------------------------------------------------------------------------------------------------------------+
; Flow Non-Default Global Settings                                                                                                                     ;
+---------------------------------------------------+--------------------------------+---------------+-------------+-----------------------------------+
; Assignment Name                                   ; Value                          ; Default Value ; Entity Name ; Section Id                        ;
+---------------------------------------------------+--------------------------------+---------------+-------------+-----------------------------------+
; ADV_NETLIST_OPT_SYNTH_WYSIWYG_REMAP               ; On                             ; Off           ; --          ; --                                ;
; COMPILER_SIGNATURE_ID                             ; 31054839390051.137634471310500 ; --            ; --          ; --                                ;
; CYCLONEII_OPTIMIZATION_TECHNIQUE                  ; Speed                          ; Balanced      ; --          ; --                                ;
; EDA_BOARD_DESIGN_BOUNDARY_SCAN_TOOL               ; BSDL (Boundary Scan)           ; <None>        ; --          ; --                                ;
; EDA_BOARD_DESIGN_SIGNAL_INTEGRITY_TOOL            ; IBIS (Signal Integrity)        ; <None>        ; --          ; --                                ;
; EDA_BOARD_DESIGN_SYMBOL_TOOL                      ; ViewDraw (Symbol)              ; <None>        ; --          ; --                                ;
; EDA_BOARD_DESIGN_TIMING_TOOL                      ; Stamp (Timing)                 ; <None>        ; --          ; --                                ;
; EDA_DESIGN_ENTRY_SYNTHESIS_TOOL                   ; ViewDraw                       ; <None>        ; --          ; --                                ;
; EDA_INPUT_DATA_FORMAT                             ; Edif                           ; --            ; --          ; eda_design_synthesis              ;
; EDA_INPUT_VCC_NAME                                ; Vdd                            ; --            ; --          ; eda_design_synthesis              ;
; EDA_LMF_FILE                                      ; vwl_bas.lmf                    ; --            ; --          ; eda_design_synthesis              ;
; EDA_OUTPUT_DATA_FORMAT                            ; Verilog Hdl                    ; --            ; --          ; eda_simulation                    ;
; EDA_OUTPUT_DATA_FORMAT                            ; Stamp                          ; --            ; --          ; eda_board_design_timing           ;
; EDA_OUTPUT_DATA_FORMAT                            ; Viewdraw                       ; --            ; --          ; eda_board_design_symbol           ;
; EDA_OUTPUT_DATA_FORMAT                            ; Ibis                           ; --            ; --          ; eda_board_design_signal_integrity ;
; EDA_OUTPUT_DATA_FORMAT                            ; Bsdl                           ; --            ; --          ; eda_board_design_boundary_scan    ;
; EDA_SIMULATION_TOOL                               ; ModelSim-Altera (Verilog)      ; <None>        ; --          ; --                                ;
; MAX_CORE_JUNCTION_TEMP                            ; 85                             ; --            ; --          ; --                                ;
; MIN_CORE_JUNCTION_TEMP                            ; 0                              ; --            ; --          ; --                                ;
; PARTITION_COLOR                                   ; 16764057                       ; --            ; --          ; Top                               ;
; PARTITION_FITTER_PRESERVATION_LEVEL               ; PLACEMENT_AND_ROUTING          ; --            ; --          ; Top                               ;
; PARTITION_NETLIST_TYPE                            ; SOURCE                         ; --            ; --          ; Top                               ;
; PHYSICAL_SYNTHESIS_ASYNCHRONOUS_SIGNAL_PIPELINING ; On                             ; Off           ; --          ; --                                ;
; PHYSICAL_SYNTHESIS_COMBO_LOGIC                    ; On                             ; Off           ; --          ; --                                ;
; PHYSICAL_SYNTHESIS_COMBO_LOGIC_FOR_AREA           ; On                             ; Off           ; --          ; --                                ;
; PHYSICAL_SYNTHESIS_EFFORT                         ; Extra                          ; Normal        ; --          ; --                                ;
; PHYSICAL_SYNTHESIS_MAP_LOGIC_TO_MEMORY_FOR_AREA   ; On                             ; Off           ; --          ; --                                ;
; PHYSICAL_SYNTHESIS_REGISTER_DUPLICATION           ; On                             ; Off           ; --          ; --                                ;
; PHYSICAL_SYNTHESIS_REGISTER_RETIMING              ; On                             ; Off           ; --          ; --                                ;
; PROJECT_OUTPUT_DIRECTORY                          ; output_files                   ; --            ; --          ; --                                ;
; SYNTH_TIMING_DRIVEN_SYNTHESIS                     ; On                             ; Off           ; --          ; --                                ;
+---------------------------------------------------+--------------------------------+---------------+-------------+-----------------------------------+


+-------------------------------------------------------------------------------------------------------------------------------+
; Flow Elapsed Time                                                                                                             ;
+---------------------------+--------------+-------------------------+---------------------+------------------------------------+
; Module Name               ; Elapsed Time ; Average Processors Used ; Peak Virtual Memory ; Total CPU Time (on all processors) ;
+---------------------------+--------------+-------------------------+---------------------+------------------------------------+
; Analysis & Synthesis      ; 00:06:23     ; 1.0                     ; 1202 MB             ; 00:06:17                           ;
; Fitter                    ; 00:13:09     ; 1.0                     ; 1433 MB             ; 00:13:08                           ;
; Assembler                 ; 00:00:04     ; 1.0                     ; 584 MB              ; 00:00:05                           ;
; TimeQuest Timing Analyzer ; 00:00:13     ; 1.0                     ; 978 MB              ; 00:00:12                           ;
; EDA Netlist Writer        ; 00:00:24     ; 1.0                     ; 905 MB              ; 00:00:23                           ;
; Total                     ; 00:20:13     ; --                      ; --                  ; 00:20:05                           ;
+---------------------------+--------------+-------------------------+---------------------+------------------------------------+


+----------------------------------------------------------------------------------------+
; Flow OS Summary                                                                        ;
+---------------------------+------------------+-----------+------------+----------------+
; Module Name               ; Machine Hostname ; OS Name   ; OS Version ; Processor type ;
+---------------------------+------------------+-----------+------------+----------------+
; Analysis & Synthesis      ; fatestudio-PC    ; Windows 7 ; 6.1        ; x86_64         ;
; Fitter                    ; fatestudio-PC    ; Windows 7 ; 6.1        ; x86_64         ;
; Assembler                 ; fatestudio-PC    ; Windows 7 ; 6.1        ; x86_64         ;
; TimeQuest Timing Analyzer ; fatestudio-PC    ; Windows 7 ; 6.1        ; x86_64         ;
; EDA Netlist Writer        ; fatestudio-PC    ; Windows 7 ; 6.1        ; x86_64         ;
+---------------------------+------------------+-----------+------------+----------------+


------------
; Flow Log ;
------------
quartus_map --read_settings_files=on --write_settings_files=off ModExp -c ModExp
quartus_fit --read_settings_files=off --write_settings_files=off ModExp -c ModExp
quartus_asm --read_settings_files=off --write_settings_files=off ModExp -c ModExp
quartus_sta ModExp -c ModExp
quartus_eda --read_settings_files=off --write_settings_files=off ModExp -c ModExp



